<?xml version="1.0" encoding="UTF-8"?>
<!-- Generated by org.testng.reporters.JUnitReportReporter -->
<testsuite hostname="DESKTOP-6NCKN49" failures="0" tests="3" name="org.pc.test.Test2" time="0.005" errors="0" timestamp="2022-01-25T16:46:58 IST" skipped="0">
  <testcase classname="org.pc.test.Test2" name="test2" time="0.003"/>
  <system-out/>
  <testcase classname="org.pc.test.Test2" name="test3" time="0.001"/>
  <system-out/>
  <testcase classname="org.pc.test.Test2" name="test1" time="0.001"/>
  <system-out/>
</testsuite> <!-- org.pc.test.Test2 -->
