<?xml version="1.0" encoding="UTF-8"?>
<!-- Generated by org.testng.reporters.JUnitReportReporter -->
<testsuite hostname="DESKTOP-6NCKN49" failures="0" tests="3" name="org.pc.test.Test1" time="0.018" errors="0" timestamp="2022-01-25T20:08:06 IST" skipped="0">
  <testcase classname="org.pc.test.Test1" name="test4" time="0.002"/>
  <system-out/>
  <testcase classname="org.pc.test.Test1" name="test2" time="0.012"/>
  <system-out/>
  <testcase classname="org.pc.test.Test1" name="test6" time="0.004"/>
  <system-out/>
</testsuite> <!-- org.pc.test.Test1 -->
