<?xml version="1.0" encoding="UTF-8"?>
<!-- Generated by org.testng.reporters.JUnitReportReporter -->
<testsuite hostname="DESKTOP-6NCKN49" failures="0" tests="1" name="org.pc.test.Test1" time="0.011" errors="0" timestamp="2022-01-21T16:39:20 IST" skipped="0">
  <testcase classname="org.pc.test.Test1" name="test" time="0.011"/>
  <system-out/>
</testsuite> <!-- org.pc.test.Test1 -->
